2016-10-25 03:57:13 [-][-][-][error][Error] Error: Class 'xoa\models\Worker' not found in E:\kkdoc\small-oa\server\home\migrations\m160803_032057_init.php:19
Stack trace:
#0 E:\kkdoc\small-oa\framework\yiisoft\yii2\db\Migration.php(121): m160803_032057_init->safeDown()
#1 E:\kkdoc\small-oa\framework\yiisoft\yii2\console\controllers\BaseMigrateController.php(537): yii\db\Migration->down()
#2 E:\kkdoc\small-oa\framework\yiisoft\yii2\console\controllers\BaseMigrateController.php(191): yii\console\controllers\BaseMigrateController->migrateDown('m160803_032057_...')
#3 [internal function]: yii\console\controllers\BaseMigrateController->actionDown(NULL)
#4 E:\kkdoc\small-oa\framework\yiisoft\yii2\base\InlineAction.php(55): call_user_func_array(Array, Array)
#5 E:\kkdoc\small-oa\framework\yiisoft\yii2\base\Controller.php(154): yii\base\InlineAction->runWithParams(Array)
#6 E:\kkdoc\small-oa\framework\yiisoft\yii2\console\Controller.php(119): yii\base\Controller->runAction('down', Array)
#7 E:\kkdoc\small-oa\framework\yiisoft\yii2\base\Module.php(454): yii\console\Controller->runAction('down', Array)
#8 E:\kkdoc\small-oa\framework\yiisoft\yii2\console\Application.php(180): yii\base\Module->runAction('migrate/down', Array)
#9 E:\kkdoc\small-oa\framework\yiisoft\yii2\console\Application.php(147): yii\console\Application->runAction('migrate/down', Array)
#10 E:\kkdoc\small-oa\framework\yiisoft\yii2\base\Application.php(375): yii\console\Application->handleRequest(Object(yii\console\Request))
#11 E:\kkdoc\small-oa\server\home\yii(20): yii\base\Application->run()
#12 {main}
2016-10-25 03:57:12 [-][-][-][info][application] $_SERVER = [
    'ALLUSERSPROFILE' => 'C:\\ProgramData'
    'APPDATA' => 'C:\\Users\\86868\\AppData\\Roaming'
    'codecept' => 'php D:\\projects\\env\\php\\bin\\codecept.phar'
    'CommonProgramFiles' => 'C:\\Program Files (x86)\\Common Files'
    'CommonProgramFiles(x86)' => 'C:\\Program Files (x86)\\Common Files'
    'CommonProgramW6432' => 'C:\\Program Files\\Common Files'
    'COMPUTERNAME' => 'KK'
    'ComSpec' => 'C:\\WINDOWS\\system32\\cmd.exe'
    'FPS_BROWSER_APP_PROFILE_STRING' => 'Internet Explorer'
    'FPS_BROWSER_USER_PROFILE_STRING' => 'Default'
    'HOMEDRIVE' => 'C:'
    'HOMEPATH' => '\\Users\\86868'
    'LOCALAPPDATA' => 'C:\\Users\\86868\\AppData\\Local'
    'LOGONSERVER' => '\\\\KK'
    'NODE_PATH' => 'D:\\projects\\env\\frontent\\build\\node_modules;D:\\projects\\env\\frontent\\npm;'
    'NUMBER_OF_PROCESSORS' => '4'
    'OS' => 'Windows_NT'
    'Path' => 'C:\\ProgramData\\Oracle\\Java\\javapath;C:\\WINDOWS\\system32;C:\\WINDOWS;C:\\WINDOWS\\System32\\Wbem;C:\\WINDOWS\\System32\\WindowsPowerShell\\v1.0\\;C:\\Program Files\\VanDyke Software\\Clients\\;C:\\Program Files\\TortoiseSVN\\bin;C:\\Program Files\\nodejs;C:\\ProgramData\\ComposerSetup\\bin;C:\\Program Files\\Git\\cmd;C:\\Program Files\\Git\\mingw64\\bin;C:\\Program Files\\Git\\usr\\bin;C:\\Users\\86868\\AppData\\Local\\Google\\Chrome\\Application;D:\\dev\\gcc\\bin;D:\\Program Files (x86)\\python3;C:\\Users\\86868\\AppData\\Roaming\\Composer\\vendor\\bin;C:\\Users\\86868\\AppData\\Local\\Microsoft\\WindowsApps;D:\\projects\\env\\php\\usb-server\\php70n;;D:\\projects\\env\\frontent\\npm;'
    'PATHEXT' => '.COM;.EXE;.BAT;.CMD;.VBS;.VBE;.JS;.JSE;.WSF;.WSH;.MSC'
    'phpunit' => 'php D:\\projects\\env\\php\\bin\\phpunit.phar'
    'PHP_COMMAND' => 'php.exe'
    'PROCESSOR_ARCHITECTURE' => 'x86'
    'PROCESSOR_ARCHITEW6432' => 'AMD64'
    'PROCESSOR_IDENTIFIER' => 'Intel64 Family 6 Model 60 Stepping 3, GenuineIntel'
    'PROCESSOR_LEVEL' => '6'
    'PROCESSOR_REVISION' => '3c03'
    'ProgramData' => 'C:\\ProgramData'
    'ProgramFiles' => 'C:\\Program Files (x86)'
    'ProgramFiles(x86)' => 'C:\\Program Files (x86)'
    'ProgramW6432' => 'C:\\Program Files'
    'PROMPT' => '$P$G'
    'PSModulePath' => 'C:\\Program Files\\WindowsPowerShell\\Modules;C:\\WINDOWS\\system32\\WindowsPowerShell\\v1.0\\Modules'
    'PUBLIC' => 'C:\\Users\\Public'
    'SystemDrive' => 'C:'
    'SystemRoot' => 'C:\\WINDOWS'
    'TEMP' => 'C:\\Users\\86868\\AppData\\Local\\Temp'
    'TMP' => 'C:\\Users\\86868\\AppData\\Local\\Temp'
    'USERDOMAIN' => 'KK'
    'USERDOMAIN_ROAMINGPROFILE' => 'KK'
    'USERNAME' => '86868'
    'USERPROFILE' => 'C:\\Users\\86868'
    'VBOX_MSI_INSTALL_PATH' => 'C:\\Program Files\\Oracle\\VirtualBox\\'
    'windir' => 'C:\\WINDOWS'
    'YII_PATH' => 'E:\\kkdoc\\small-oa\\server\\home\\'
    '__COMPAT_LAYER' => 'Installer'
    'PHP_SELF' => 'E:\\kkdoc\\small-oa\\server\\home\\yii'
    'SCRIPT_NAME' => 'E:\\kkdoc\\small-oa\\server\\home\\yii'
    'SCRIPT_FILENAME' => 'E:\\kkdoc\\small-oa\\server\\home\\yii'
    'PATH_TRANSLATED' => 'E:\\kkdoc\\small-oa\\server\\home\\yii'
    'DOCUMENT_ROOT' => ''
    'REQUEST_TIME_FLOAT' => 1477367832.595
    'REQUEST_TIME' => 1477367832
    'argv' => [
        0 => 'E:\\kkdoc\\small-oa\\server\\home\\yii'
        1 => 'migrate/down'
        2 => 'all'
    ]
    'argc' => 3
]
2016-10-25 03:57:26 [-][-][-][error][Error] Error: Class 'xoa\common\models\Worker' not found in E:\kkdoc\small-oa\server\home\migrations\m160803_032057_init.php:19
Stack trace:
#0 E:\kkdoc\small-oa\framework\yiisoft\yii2\db\Migration.php(121): m160803_032057_init->safeDown()
#1 E:\kkdoc\small-oa\framework\yiisoft\yii2\console\controllers\BaseMigrateController.php(537): yii\db\Migration->down()
#2 E:\kkdoc\small-oa\framework\yiisoft\yii2\console\controllers\BaseMigrateController.php(191): yii\console\controllers\BaseMigrateController->migrateDown('m160803_032057_...')
#3 [internal function]: yii\console\controllers\BaseMigrateController->actionDown(NULL)
#4 E:\kkdoc\small-oa\framework\yiisoft\yii2\base\InlineAction.php(55): call_user_func_array(Array, Array)
#5 E:\kkdoc\small-oa\framework\yiisoft\yii2\base\Controller.php(154): yii\base\InlineAction->runWithParams(Array)
#6 E:\kkdoc\small-oa\framework\yiisoft\yii2\console\Controller.php(119): yii\base\Controller->runAction('down', Array)
#7 E:\kkdoc\small-oa\framework\yiisoft\yii2\base\Module.php(454): yii\console\Controller->runAction('down', Array)
#8 E:\kkdoc\small-oa\framework\yiisoft\yii2\console\Application.php(180): yii\base\Module->runAction('migrate/down', Array)
#9 E:\kkdoc\small-oa\framework\yiisoft\yii2\console\Application.php(147): yii\console\Application->runAction('migrate/down', Array)
#10 E:\kkdoc\small-oa\framework\yiisoft\yii2\base\Application.php(375): yii\console\Application->handleRequest(Object(yii\console\Request))
#11 E:\kkdoc\small-oa\server\home\yii(20): yii\base\Application->run()
#12 {main}
2016-10-25 03:57:25 [-][-][-][info][application] $_SERVER = [
    'ALLUSERSPROFILE' => 'C:\\ProgramData'
    'APPDATA' => 'C:\\Users\\86868\\AppData\\Roaming'
    'codecept' => 'php D:\\projects\\env\\php\\bin\\codecept.phar'
    'CommonProgramFiles' => 'C:\\Program Files (x86)\\Common Files'
    'CommonProgramFiles(x86)' => 'C:\\Program Files (x86)\\Common Files'
    'CommonProgramW6432' => 'C:\\Program Files\\Common Files'
    'COMPUTERNAME' => 'KK'
    'ComSpec' => 'C:\\WINDOWS\\system32\\cmd.exe'
    'FPS_BROWSER_APP_PROFILE_STRING' => 'Internet Explorer'
    'FPS_BROWSER_USER_PROFILE_STRING' => 'Default'
    'HOMEDRIVE' => 'C:'
    'HOMEPATH' => '\\Users\\86868'
    'LOCALAPPDATA' => 'C:\\Users\\86868\\AppData\\Local'
    'LOGONSERVER' => '\\\\KK'
    'NODE_PATH' => 'D:\\projects\\env\\frontent\\build\\node_modules;D:\\projects\\env\\frontent\\npm;'
    'NUMBER_OF_PROCESSORS' => '4'
    'OS' => 'Windows_NT'
    'Path' => 'C:\\ProgramData\\Oracle\\Java\\javapath;C:\\WINDOWS\\system32;C:\\WINDOWS;C:\\WINDOWS\\System32\\Wbem;C:\\WINDOWS\\System32\\WindowsPowerShell\\v1.0\\;C:\\Program Files\\VanDyke Software\\Clients\\;C:\\Program Files\\TortoiseSVN\\bin;C:\\Program Files\\nodejs;C:\\ProgramData\\ComposerSetup\\bin;C:\\Program Files\\Git\\cmd;C:\\Program Files\\Git\\mingw64\\bin;C:\\Program Files\\Git\\usr\\bin;C:\\Users\\86868\\AppData\\Local\\Google\\Chrome\\Application;D:\\dev\\gcc\\bin;D:\\Program Files (x86)\\python3;C:\\Users\\86868\\AppData\\Roaming\\Composer\\vendor\\bin;C:\\Users\\86868\\AppData\\Local\\Microsoft\\WindowsApps;D:\\projects\\env\\php\\usb-server\\php70n;;D:\\projects\\env\\frontent\\npm;'
    'PATHEXT' => '.COM;.EXE;.BAT;.CMD;.VBS;.VBE;.JS;.JSE;.WSF;.WSH;.MSC'
    'phpunit' => 'php D:\\projects\\env\\php\\bin\\phpunit.phar'
    'PHP_COMMAND' => 'php.exe'
    'PROCESSOR_ARCHITECTURE' => 'x86'
    'PROCESSOR_ARCHITEW6432' => 'AMD64'
    'PROCESSOR_IDENTIFIER' => 'Intel64 Family 6 Model 60 Stepping 3, GenuineIntel'
    'PROCESSOR_LEVEL' => '6'
    'PROCESSOR_REVISION' => '3c03'
    'ProgramData' => 'C:\\ProgramData'
    'ProgramFiles' => 'C:\\Program Files (x86)'
    'ProgramFiles(x86)' => 'C:\\Program Files (x86)'
    'ProgramW6432' => 'C:\\Program Files'
    'PROMPT' => '$P$G'
    'PSModulePath' => 'C:\\Program Files\\WindowsPowerShell\\Modules;C:\\WINDOWS\\system32\\WindowsPowerShell\\v1.0\\Modules'
    'PUBLIC' => 'C:\\Users\\Public'
    'SystemDrive' => 'C:'
    'SystemRoot' => 'C:\\WINDOWS'
    'TEMP' => 'C:\\Users\\86868\\AppData\\Local\\Temp'
    'TMP' => 'C:\\Users\\86868\\AppData\\Local\\Temp'
    'USERDOMAIN' => 'KK'
    'USERDOMAIN_ROAMINGPROFILE' => 'KK'
    'USERNAME' => '86868'
    'USERPROFILE' => 'C:\\Users\\86868'
    'VBOX_MSI_INSTALL_PATH' => 'C:\\Program Files\\Oracle\\VirtualBox\\'
    'windir' => 'C:\\WINDOWS'
    'YII_PATH' => 'E:\\kkdoc\\small-oa\\server\\home\\'
    '__COMPAT_LAYER' => 'Installer'
    'PHP_SELF' => 'E:\\kkdoc\\small-oa\\server\\home\\yii'
    'SCRIPT_NAME' => 'E:\\kkdoc\\small-oa\\server\\home\\yii'
    'SCRIPT_FILENAME' => 'E:\\kkdoc\\small-oa\\server\\home\\yii'
    'PATH_TRANSLATED' => 'E:\\kkdoc\\small-oa\\server\\home\\yii'
    'DOCUMENT_ROOT' => ''
    'REQUEST_TIME_FLOAT' => 1477367845.1543
    'REQUEST_TIME' => 1477367845
    'argv' => [
        0 => 'E:\\kkdoc\\small-oa\\server\\home\\yii'
        1 => 'migrate/down'
        2 => 'all'
    ]
    'argc' => 3
]
